<?xml version="1.0" encoding="UTF-8"?>
<testsuites name="TS1" time="1.466" tests="10" failures="2" errors="0">
   <testsuite name="TS1" tests="10" failures="2" errors="0" time="1.466" skipped="0" timestamp="2023-02-25 15:30:01" hostname="kazuakiurayama - localhost" id="Test Suites/TS1">
      <properties>
         <property name="deviceName" value=""/>
         <property name="devicePlatform" value=""/>
         <property name="logFolder" value="/Users/kazuakiurayama/katalon-workspace/ReportFailedTestsOnly/Reports/20230225_152958/TS1/20230225_152958"/>
         <property name="logFiles" value="/Users/kazuakiurayama/katalon-workspace/ReportFailedTestsOnly/Reports/20230225_152958/TS1/20230225_152958/execution0.log"/>
         <property name="attachments" value=""/>
         <property name="hostName" value="kazuakiurayama - localhost"/>
         <property name="hostAddress" value="127.0.0.1"/>
         <property name="os" value="Mac OS X 64bit"/>
         <property name="katalonVersion" value="8.3.0.208"/>
      </properties>
      <testcase name="Test Cases/PassingTC1" time="0.271" classname="Test Cases/PassingTC1" status="PASSED">
         <system-out><![CDATA[2023-02-25 15:30:02 - [TEST_CASE][PASSED] - Test Cases/PassingTC1: Test Cases/PassingTC1

2023-02-25 15:30:02 - [TEST_STEP][PASSED] - comment("I am OK"): I am OK

2023-02-25 15:30:02 - [MESSAGE][INFO] - I am OK]]></system-out>
         <system-err><![CDATA[]]></system-err>
      </testcase>
      <testcase name="Test Cases/PassingTC2" time="0.152" classname="Test Cases/PassingTC2" status="PASSED">
         <system-out><![CDATA[2023-02-25 15:30:02 - [TEST_CASE][PASSED] - Test Cases/PassingTC2: Test Cases/PassingTC2

2023-02-25 15:30:02 - [TEST_STEP][PASSED] - comment("I am OK"): I am OK

2023-02-25 15:30:02 - [MESSAGE][INFO] - I am OK]]></system-out>
         <system-err><![CDATA[]]></system-err>
      </testcase>
      <testcase name="Test Cases/FailingTC1" time="0.105" classname="Test Cases/FailingTC1" status="FAILED">
         <failure type="FAILED" message="Test Cases/FailingTC1 FAILED.
Reason:
com.kms.katalon.core.exception.StepFailedException: I am bad
	at com.kms.katalon.core.util.KeywordUtil.markFailed(KeywordUtil.java:19)
	at com.kms.katalon.core.util.KeywordUtil$markFailed.call(Unknown Source)
	at FailingTC1.run(FailingTC1:3)
	at com.kms.katalon.core.main.ScriptEngine.run(ScriptEngine.java:194)
	at com.kms.katalon.core.main.ScriptEngine.runScriptAsRawText(ScriptEngine.java:119)
	at com.kms.katalon.core.main.TestCaseExecutor.runScript(TestCaseExecutor.java:445)
	at com.kms.katalon.core.main.TestCaseExecutor.doExecute(TestCaseExecutor.java:436)
	at com.kms.katalon.core.main.TestCaseExecutor.processExecutionPhase(TestCaseExecutor.java:415)
	at com.kms.katalon.core.main.TestCaseExecutor.accessMainPhase(TestCaseExecutor.java:407)
	at com.kms.katalon.core.main.TestCaseExecutor.execute(TestCaseExecutor.java:284)
	at com.kms.katalon.core.common.CommonExecutor.accessTestCaseMainPhase(CommonExecutor.java:65)
	at com.kms.katalon.core.main.TestSuiteExecutor.accessTestSuiteMainPhase(TestSuiteExecutor.java:144)
	at com.kms.katalon.core.main.TestSuiteExecutor.execute(TestSuiteExecutor.java:106)
	at com.kms.katalon.core.main.TestCaseMain.startTestSuite(TestCaseMain.java:185)
	at com.kms.katalon.core.main.TestCaseMain$startTestSuite$0.call(Unknown Source)
	at TempTestSuite1677306598620.run(TempTestSuite1677306598620.groovy:36)
"/>
         <system-out><![CDATA[2023-02-25 15:30:02 - [TEST_CASE][FAILED] - Test Cases/FailingTC1: Test Cases/FailingTC1 FAILED.
Reason:
com.kms.katalon.core.exception.StepFailedException: I am bad
	at com.kms.katalon.core.util.KeywordUtil.markFailed(KeywordUtil.java:19)
	at com.kms.katalon.core.util.KeywordUtil$markFailed.call(Unknown Source)
	at FailingTC1.run(FailingTC1:3)
	at com.kms.katalon.core.main.ScriptEngine.run(ScriptEngine.java:194)
	at com.kms.katalon.core.main.ScriptEngine.runScriptAsRawText(ScriptEngine.java:119)
	at com.kms.katalon.core.main.TestCaseExecutor.runScript(TestCaseExecutor.java:445)
	at com.kms.katalon.core.main.TestCaseExecutor.doExecute(TestCaseExecutor.java:436)
	at com.kms.katalon.core.main.TestCaseExecutor.processExecutionPhase(TestCaseExecutor.java:415)
	at com.kms.katalon.core.main.TestCaseExecutor.accessMainPhase(TestCaseExecutor.java:407)
	at com.kms.katalon.core.main.TestCaseExecutor.execute(TestCaseExecutor.java:284)
	at com.kms.katalon.core.common.CommonExecutor.accessTestCaseMainPhase(CommonExecutor.java:65)
	at com.kms.katalon.core.main.TestSuiteExecutor.accessTestSuiteMainPhase(TestSuiteExecutor.java:144)
	at com.kms.katalon.core.main.TestSuiteExecutor.execute(TestSuiteExecutor.java:106)
	at com.kms.katalon.core.main.TestCaseMain.startTestSuite(TestCaseMain.java:185)
	at com.kms.katalon.core.main.TestCaseMain$startTestSuite$0.call(Unknown Source)
	at TempTestSuite1677306598620.run(TempTestSuite1677306598620.groovy:36)


2023-02-25 15:30:02 - [TEST_STEP][FAILED] - markFailed("I am bad"): I am bad

2023-02-25 15:30:02 - [MESSAGE][FAILED] - I am bad]]></system-out>
         <system-err><![CDATA[2023-02-25 15:30:02 - [TEST_CASE][FAILED] - Test Cases/FailingTC1: Test Cases/FailingTC1 FAILED.
Reason:
com.kms.katalon.core.exception.StepFailedException: I am bad
	at com.kms.katalon.core.util.KeywordUtil.markFailed(KeywordUtil.java:19)
	at com.kms.katalon.core.util.KeywordUtil$markFailed.call(Unknown Source)
	at FailingTC1.run(FailingTC1:3)
	at com.kms.katalon.core.main.ScriptEngine.run(ScriptEngine.java:194)
	at com.kms.katalon.core.main.ScriptEngine.runScriptAsRawText(ScriptEngine.java:119)
	at com.kms.katalon.core.main.TestCaseExecutor.runScript(TestCaseExecutor.java:445)
	at com.kms.katalon.core.main.TestCaseExecutor.doExecute(TestCaseExecutor.java:436)
	at com.kms.katalon.core.main.TestCaseExecutor.processExecutionPhase(TestCaseExecutor.java:415)
	at com.kms.katalon.core.main.TestCaseExecutor.accessMainPhase(TestCaseExecutor.java:407)
	at com.kms.katalon.core.main.TestCaseExecutor.execute(TestCaseExecutor.java:284)
	at com.kms.katalon.core.common.CommonExecutor.accessTestCaseMainPhase(CommonExecutor.java:65)
	at com.kms.katalon.core.main.TestSuiteExecutor.accessTestSuiteMainPhase(TestSuiteExecutor.java:144)
	at com.kms.katalon.core.main.TestSuiteExecutor.execute(TestSuiteExecutor.java:106)
	at com.kms.katalon.core.main.TestCaseMain.startTestSuite(TestCaseMain.java:185)
	at com.kms.katalon.core.main.TestCaseMain$startTestSuite$0.call(Unknown Source)
	at TempTestSuite1677306598620.run(TempTestSuite1677306598620.groovy:36)]]></system-err>
      </testcase>
      <testcase name="Test Cases/PassingTC3" time="0.059" classname="Test Cases/PassingTC3" status="PASSED">
         <system-out><![CDATA[2023-02-25 15:30:02 - [TEST_CASE][PASSED] - Test Cases/PassingTC3: Test Cases/PassingTC3

2023-02-25 15:30:03 - [TEST_STEP][PASSED] - comment("I am OK"): I am OK

2023-02-25 15:30:03 - [MESSAGE][INFO] - I am OK]]></system-out>
         <system-err><![CDATA[]]></system-err>
      </testcase>
      <testcase name="Test Cases/PassingTC4" time="0.068" classname="Test Cases/PassingTC4" status="PASSED">
         <system-out><![CDATA[2023-02-25 15:30:03 - [TEST_CASE][PASSED] - Test Cases/PassingTC4: Test Cases/PassingTC4

2023-02-25 15:30:03 - [TEST_STEP][PASSED] - comment("I am OK"): I am OK

2023-02-25 15:30:03 - [MESSAGE][INFO] - I am OK]]></system-out>
         <system-err><![CDATA[]]></system-err>
      </testcase>
      <testcase name="Test Cases/PassingTC5" time="0.04" classname="Test Cases/PassingTC5" status="PASSED">
         <system-out><![CDATA[2023-02-25 15:30:03 - [TEST_CASE][PASSED] - Test Cases/PassingTC5: Test Cases/PassingTC5

2023-02-25 15:30:03 - [TEST_STEP][PASSED] - comment("I am OK"): I am OK

2023-02-25 15:30:03 - [MESSAGE][INFO] - I am OK]]></system-out>
         <system-err><![CDATA[]]></system-err>
      </testcase>
      <testcase name="Test Cases/PassingTC6" time="0.048" classname="Test Cases/PassingTC6" status="PASSED">
         <system-out><![CDATA[2023-02-25 15:30:03 - [TEST_CASE][PASSED] - Test Cases/PassingTC6: Test Cases/PassingTC6

2023-02-25 15:30:03 - [TEST_STEP][PASSED] - comment("I am OK"): I am OK

2023-02-25 15:30:03 - [MESSAGE][INFO] - I am OK]]></system-out>
         <system-err><![CDATA[]]></system-err>
      </testcase>
      <testcase name="Test Cases/PassingTC7" time="0.085" classname="Test Cases/PassingTC7" status="PASSED">
         <system-out><![CDATA[2023-02-25 15:30:03 - [TEST_CASE][PASSED] - Test Cases/PassingTC7: Test Cases/PassingTC7

2023-02-25 15:30:03 - [TEST_STEP][PASSED] - comment("I am OK"): I am OK

2023-02-25 15:30:03 - [MESSAGE][INFO] - I am OK]]></system-out>
         <system-err><![CDATA[]]></system-err>
      </testcase>
      <testcase name="Test Cases/PassingTC8" time="0.038" classname="Test Cases/PassingTC8" status="PASSED">
         <system-out><![CDATA[2023-02-25 15:30:03 - [TEST_CASE][PASSED] - Test Cases/PassingTC8: Test Cases/PassingTC8

2023-02-25 15:30:03 - [TEST_STEP][PASSED] - comment("I am OK"): I am OK

2023-02-25 15:30:03 - [MESSAGE][INFO] - I am OK]]></system-out>
         <system-err><![CDATA[]]></system-err>
      </testcase>
      <testcase name="Test Cases/FailingTC2" time="0.085" classname="Test Cases/FailingTC2" status="FAILED">
         <failure type="FAILED" message="Test Cases/FailingTC2 FAILED.
Reason:
com.kms.katalon.core.exception.StepFailedException: I am bad
	at com.kms.katalon.core.util.KeywordUtil.markFailed(KeywordUtil.java:19)
	at com.kms.katalon.core.util.KeywordUtil$markFailed.call(Unknown Source)
	at FailingTC2.run(FailingTC2:3)
	at com.kms.katalon.core.main.ScriptEngine.run(ScriptEngine.java:194)
	at com.kms.katalon.core.main.ScriptEngine.runScriptAsRawText(ScriptEngine.java:119)
	at com.kms.katalon.core.main.TestCaseExecutor.runScript(TestCaseExecutor.java:445)
	at com.kms.katalon.core.main.TestCaseExecutor.doExecute(TestCaseExecutor.java:436)
	at com.kms.katalon.core.main.TestCaseExecutor.processExecutionPhase(TestCaseExecutor.java:415)
	at com.kms.katalon.core.main.TestCaseExecutor.accessMainPhase(TestCaseExecutor.java:407)
	at com.kms.katalon.core.main.TestCaseExecutor.execute(TestCaseExecutor.java:284)
	at com.kms.katalon.core.common.CommonExecutor.accessTestCaseMainPhase(CommonExecutor.java:65)
	at com.kms.katalon.core.main.TestSuiteExecutor.accessTestSuiteMainPhase(TestSuiteExecutor.java:144)
	at com.kms.katalon.core.main.TestSuiteExecutor.execute(TestSuiteExecutor.java:106)
	at com.kms.katalon.core.main.TestCaseMain.startTestSuite(TestCaseMain.java:185)
	at com.kms.katalon.core.main.TestCaseMain$startTestSuite$0.call(Unknown Source)
	at TempTestSuite1677306598620.run(TempTestSuite1677306598620.groovy:36)
"/>
         <system-out><![CDATA[2023-02-25 15:30:03 - [TEST_CASE][FAILED] - Test Cases/FailingTC2: Test Cases/FailingTC2 FAILED.
Reason:
com.kms.katalon.core.exception.StepFailedException: I am bad
	at com.kms.katalon.core.util.KeywordUtil.markFailed(KeywordUtil.java:19)
	at com.kms.katalon.core.util.KeywordUtil$markFailed.call(Unknown Source)
	at FailingTC2.run(FailingTC2:3)
	at com.kms.katalon.core.main.ScriptEngine.run(ScriptEngine.java:194)
	at com.kms.katalon.core.main.ScriptEngine.runScriptAsRawText(ScriptEngine.java:119)
	at com.kms.katalon.core.main.TestCaseExecutor.runScript(TestCaseExecutor.java:445)
	at com.kms.katalon.core.main.TestCaseExecutor.doExecute(TestCaseExecutor.java:436)
	at com.kms.katalon.core.main.TestCaseExecutor.processExecutionPhase(TestCaseExecutor.java:415)
	at com.kms.katalon.core.main.TestCaseExecutor.accessMainPhase(TestCaseExecutor.java:407)
	at com.kms.katalon.core.main.TestCaseExecutor.execute(TestCaseExecutor.java:284)
	at com.kms.katalon.core.common.CommonExecutor.accessTestCaseMainPhase(CommonExecutor.java:65)
	at com.kms.katalon.core.main.TestSuiteExecutor.accessTestSuiteMainPhase(TestSuiteExecutor.java:144)
	at com.kms.katalon.core.main.TestSuiteExecutor.execute(TestSuiteExecutor.java:106)
	at com.kms.katalon.core.main.TestCaseMain.startTestSuite(TestCaseMain.java:185)
	at com.kms.katalon.core.main.TestCaseMain$startTestSuite$0.call(Unknown Source)
	at TempTestSuite1677306598620.run(TempTestSuite1677306598620.groovy:36)


2023-02-25 15:30:03 - [TEST_STEP][FAILED] - markFailed("I am bad"): I am bad

2023-02-25 15:30:03 - [MESSAGE][FAILED] - I am bad]]></system-out>
         <system-err><![CDATA[2023-02-25 15:30:03 - [TEST_CASE][FAILED] - Test Cases/FailingTC2: Test Cases/FailingTC2 FAILED.
Reason:
com.kms.katalon.core.exception.StepFailedException: I am bad
	at com.kms.katalon.core.util.KeywordUtil.markFailed(KeywordUtil.java:19)
	at com.kms.katalon.core.util.KeywordUtil$markFailed.call(Unknown Source)
	at FailingTC2.run(FailingTC2:3)
	at com.kms.katalon.core.main.ScriptEngine.run(ScriptEngine.java:194)
	at com.kms.katalon.core.main.ScriptEngine.runScriptAsRawText(ScriptEngine.java:119)
	at com.kms.katalon.core.main.TestCaseExecutor.runScript(TestCaseExecutor.java:445)
	at com.kms.katalon.core.main.TestCaseExecutor.doExecute(TestCaseExecutor.java:436)
	at com.kms.katalon.core.main.TestCaseExecutor.processExecutionPhase(TestCaseExecutor.java:415)
	at com.kms.katalon.core.main.TestCaseExecutor.accessMainPhase(TestCaseExecutor.java:407)
	at com.kms.katalon.core.main.TestCaseExecutor.execute(TestCaseExecutor.java:284)
	at com.kms.katalon.core.common.CommonExecutor.accessTestCaseMainPhase(CommonExecutor.java:65)
	at com.kms.katalon.core.main.TestSuiteExecutor.accessTestSuiteMainPhase(TestSuiteExecutor.java:144)
	at com.kms.katalon.core.main.TestSuiteExecutor.execute(TestSuiteExecutor.java:106)
	at com.kms.katalon.core.main.TestCaseMain.startTestSuite(TestCaseMain.java:185)
	at com.kms.katalon.core.main.TestCaseMain$startTestSuite$0.call(Unknown Source)
	at TempTestSuite1677306598620.run(TempTestSuite1677306598620.groovy:36)]]></system-err>
      </testcase>
      <system-out><![CDATA[2023-02-25 15:30:01 - [TEST_SUITE][FAILED] - TS1: Test Cases/FailingTC1 FAILED.
Reason:
com.kms.katalon.core.exception.StepFailedException: I am bad
	at com.kms.katalon.core.util.KeywordUtil.markFailed(KeywordUtil.java:19)
	at com.kms.katalon.core.util.KeywordUtil$markFailed.call(Unknown Source)
	at FailingTC1.run(FailingTC1:3)
	at com.kms.katalon.core.main.ScriptEngine.run(ScriptEngine.java:194)
	at com.kms.katalon.core.main.ScriptEngine.runScriptAsRawText(ScriptEngine.java:119)
	at com.kms.katalon.core.main.TestCaseExecutor.runScript(TestCaseExecutor.java:445)
	at com.kms.katalon.core.main.TestCaseExecutor.doExecute(TestCaseExecutor.java:436)
	at com.kms.katalon.core.main.TestCaseExecutor.processExecutionPhase(TestCaseExecutor.java:415)
	at com.kms.katalon.core.main.TestCaseExecutor.accessMainPhase(TestCaseExecutor.java:407)
	at com.kms.katalon.core.main.TestCaseExecutor.execute(TestCaseExecutor.java:284)
	at com.kms.katalon.core.common.CommonExecutor.accessTestCaseMainPhase(CommonExecutor.java:65)
	at com.kms.katalon.core.main.TestSuiteExecutor.accessTestSuiteMainPhase(TestSuiteExecutor.java:144)
	at com.kms.katalon.core.main.TestSuiteExecutor.execute(TestSuiteExecutor.java:106)
	at com.kms.katalon.core.main.TestCaseMain.startTestSuite(TestCaseMain.java:185)
	at com.kms.katalon.core.main.TestCaseMain$startTestSuite$0.call(Unknown Source)
	at TempTestSuite1677306598620.run(TempTestSuite1677306598620.groovy:36)]]></system-out>
      <system-err><![CDATA[2023-02-25 15:30:01 - [TEST_SUITE][FAILED] - TS1: Test Cases/FailingTC1 FAILED.
Reason:
com.kms.katalon.core.exception.StepFailedException: I am bad
	at com.kms.katalon.core.util.KeywordUtil.markFailed(KeywordUtil.java:19)
	at com.kms.katalon.core.util.KeywordUtil$markFailed.call(Unknown Source)
	at FailingTC1.run(FailingTC1:3)
	at com.kms.katalon.core.main.ScriptEngine.run(ScriptEngine.java:194)
	at com.kms.katalon.core.main.ScriptEngine.runScriptAsRawText(ScriptEngine.java:119)
	at com.kms.katalon.core.main.TestCaseExecutor.runScript(TestCaseExecutor.java:445)
	at com.kms.katalon.core.main.TestCaseExecutor.doExecute(TestCaseExecutor.java:436)
	at com.kms.katalon.core.main.TestCaseExecutor.processExecutionPhase(TestCaseExecutor.java:415)
	at com.kms.katalon.core.main.TestCaseExecutor.accessMainPhase(TestCaseExecutor.java:407)
	at com.kms.katalon.core.main.TestCaseExecutor.execute(TestCaseExecutor.java:284)
	at com.kms.katalon.core.common.CommonExecutor.accessTestCaseMainPhase(CommonExecutor.java:65)
	at com.kms.katalon.core.main.TestSuiteExecutor.accessTestSuiteMainPhase(TestSuiteExecutor.java:144)
	at com.kms.katalon.core.main.TestSuiteExecutor.execute(TestSuiteExecutor.java:106)
	at com.kms.katalon.core.main.TestCaseMain.startTestSuite(TestCaseMain.java:185)
	at com.kms.katalon.core.main.TestCaseMain$startTestSuite$0.call(Unknown Source)
	at TempTestSuite1677306598620.run(TempTestSuite1677306598620.groovy:36)]]></system-err>
   </testsuite>
</testsuites>
